<?xml version="1.0" encoding="utf-8"?><testsuites name="pytest tests"><testsuite name="pytest" errors="0" failures="5" skipped="0" tests="14" time="7.047" timestamp="2026-02-22T10:23:14.111031+00:00" hostname="agent-env-d867bf04-8d07-4679-94e8-c8255bf384d2"><testcase classname="backend.tests.test_new_features_v20.TestBulkDelete" name="test_bulk_delete_contacts" time="0.933"><failure message="AssertionError: Bulk delete failed: {&quot;detail&quot;:[{&quot;type&quot;:&quot;missing&quot;,&quot;loc&quot;:[&quot;query&quot;,&quot;entity_type&quot;],&quot;msg&quot;:&quot;Field required&quot;,&quot;input&quot;:null,&quot;url&quot;:&quot;https://errors.pydantic.dev/2.12/v/missing&quot;},{&quot;type&quot;:&quot;list_type&quot;,&quot;loc&quot;:[&quot;body&quot;],&quot;msg&quot;:&quot;Input should be a valid list&quot;,&quot;input&quot;:{&quot;entity_type&quot;:&quot;contact&quot;,&quot;entity_ids&quot;:[&quot;contact_f4c883b3b6dd&quot;,&quot;contact_548c9a6f27d3&quot;]},&quot;url&quot;:&quot;https://errors.pydantic.dev/2.12/v/list_type&quot;}]}&#10;assert 422 == 200&#10; +  where 422 = &lt;Response [422]&gt;.status_code">backend/tests/test_new_features_v20.py:61: in test_bulk_delete_contacts
    assert resp.status_code == 200, f"Bulk delete failed: {resp.text}"
E   AssertionError: Bulk delete failed: {"detail":[{"type":"missing","loc":["query","entity_type"],"msg":"Field required","input":null,"url":"https://errors.pydantic.dev/2.12/v/missing"},{"type":"list_type","loc":["body"],"msg":"Input should be a valid list","input":{"entity_type":"contact","entity_ids":["contact_f4c883b3b6dd","contact_548c9a6f27d3"]},"url":"https://errors.pydantic.dev/2.12/v/list_type"}]}
E   assert 422 == 200
E    +  where 422 = &lt;Response [422]&gt;.status_code</failure></testcase><testcase classname="backend.tests.test_new_features_v20.TestBulkDelete" name="test_bulk_delete_leads" time="0.345"><failure message="AssertionError: Bulk delete failed: {&quot;detail&quot;:[{&quot;type&quot;:&quot;missing&quot;,&quot;loc&quot;:[&quot;query&quot;,&quot;entity_type&quot;],&quot;msg&quot;:&quot;Field required&quot;,&quot;input&quot;:null,&quot;url&quot;:&quot;https://errors.pydantic.dev/2.12/v/missing&quot;},{&quot;type&quot;:&quot;list_type&quot;,&quot;loc&quot;:[&quot;body&quot;],&quot;msg&quot;:&quot;Input should be a valid list&quot;,&quot;input&quot;:{&quot;entity_type&quot;:&quot;lead&quot;,&quot;entity_ids&quot;:[&quot;lead_55128cdf4762&quot;,&quot;lead_b8bfd8d88cb5&quot;]},&quot;url&quot;:&quot;https://errors.pydantic.dev/2.12/v/list_type&quot;}]}&#10;assert 422 == 200&#10; +  where 422 = &lt;Response [422]&gt;.status_code">backend/tests/test_new_features_v20.py:82: in test_bulk_delete_leads
    assert resp.status_code == 200, f"Bulk delete failed: {resp.text}"
E   AssertionError: Bulk delete failed: {"detail":[{"type":"missing","loc":["query","entity_type"],"msg":"Field required","input":null,"url":"https://errors.pydantic.dev/2.12/v/missing"},{"type":"list_type","loc":["body"],"msg":"Input should be a valid list","input":{"entity_type":"lead","entity_ids":["lead_55128cdf4762","lead_b8bfd8d88cb5"]},"url":"https://errors.pydantic.dev/2.12/v/list_type"}]}
E   assert 422 == 200
E    +  where 422 = &lt;Response [422]&gt;.status_code</failure></testcase><testcase classname="backend.tests.test_new_features_v20.TestBulkDelete" name="test_bulk_delete_invalid_type" time="0.094"><failure message="assert 422 == 400&#10; +  where 422 = &lt;Response [422]&gt;.status_code">backend/tests/test_new_features_v20.py:92: in test_bulk_delete_invalid_type
    assert resp.status_code == 400
E   assert 422 == 400
E    +  where 422 = &lt;Response [422]&gt;.status_code</failure></testcase><testcase classname="backend.tests.test_new_features_v20.TestBulkUpdate" name="test_bulk_update_leads" time="0.632"><failure message="AssertionError: Bulk update failed: {&quot;detail&quot;:[{&quot;type&quot;:&quot;missing&quot;,&quot;loc&quot;:[&quot;query&quot;,&quot;entity_type&quot;],&quot;msg&quot;:&quot;Field required&quot;,&quot;input&quot;:null,&quot;url&quot;:&quot;https://errors.pydantic.dev/2.12/v/missing&quot;}]}&#10;assert 422 == 200&#10; +  where 422 = &lt;Response [422]&gt;.status_code">backend/tests/test_new_features_v20.py:117: in test_bulk_update_leads
    assert resp.status_code == 200, f"Bulk update failed: {resp.text}"
E   AssertionError: Bulk update failed: {"detail":[{"type":"missing","loc":["query","entity_type"],"msg":"Field required","input":null,"url":"https://errors.pydantic.dev/2.12/v/missing"}]}
E   assert 422 == 200
E    +  where 422 = &lt;Response [422]&gt;.status_code</failure></testcase><testcase classname="backend.tests.test_new_features_v20.TestBulkAddToCampaign" name="test_bulk_add_leads_to_campaign" time="1.126"><failure message="AssertionError: Bulk add to campaign failed: {&quot;detail&quot;:[{&quot;type&quot;:&quot;missing&quot;,&quot;loc&quot;:[&quot;query&quot;,&quot;campaign_id&quot;],&quot;msg&quot;:&quot;Field required&quot;,&quot;input&quot;:null,&quot;url&quot;:&quot;https://errors.pydantic.dev/2.12/v/missing&quot;},{&quot;type&quot;:&quot;missing&quot;,&quot;loc&quot;:[&quot;query&quot;,&quot;entity_type&quot;],&quot;msg&quot;:&quot;Field required&quot;,&quot;input&quot;:null,&quot;url&quot;:&quot;https://errors.pydantic.dev/2.12/v/missing&quot;},{&quot;type&quot;:&quot;list_type&quot;,&quot;loc&quot;:[&quot;body&quot;],&quot;msg&quot;:&quot;Input should be a valid list&quot;,&quot;input&quot;:{&quot;campaign_id&quot;:&quot;campaign_f11698321dd7&quot;,&quot;entity_type&quot;:&quot;lead&quot;,&quot;entity_ids&quot;:[&quot;lead_8d5f23df58a3&quot;,&quot;lead_c0fd659212f6&quot;]},&quot;url&quot;:&quot;https://errors.pydantic.dev/2.12/v/list_type&quot;}]}&#10;assert 422 == 200&#10; +  where 422 = &lt;Response [422]&gt;.status_code">backend/tests/test_new_features_v20.py:173: in test_bulk_add_leads_to_campaign
    assert resp.status_code == 200, f"Bulk add to campaign failed: {resp.text}"
E   AssertionError: Bulk add to campaign failed: {"detail":[{"type":"missing","loc":["query","campaign_id"],"msg":"Field required","input":null,"url":"https://errors.pydantic.dev/2.12/v/missing"},{"type":"missing","loc":["query","entity_type"],"msg":"Field required","input":null,"url":"https://errors.pydantic.dev/2.12/v/missing"},{"type":"list_type","loc":["body"],"msg":"Input should be a valid list","input":{"campaign_id":"campaign_f11698321dd7","entity_type":"lead","entity_ids":["lead_8d5f23df58a3","lead_c0fd659212f6"]},"url":"https://errors.pydantic.dev/2.12/v/list_type"}]}
E   assert 422 == 200
E    +  where 422 = &lt;Response [422]&gt;.status_code</failure></testcase><testcase classname="backend.tests.test_new_features_v20.TestContactsImportCSV" name="test_import_contacts_csv" time="0.702" /><testcase classname="backend.tests.test_new_features_v20.TestDealWithLinkedEntities" name="test_create_deal_with_lead" time="0.628" /><testcase classname="backend.tests.test_new_features_v20.TestDealWithLinkedEntities" name="test_create_deal_with_contact" time="0.324" /><testcase classname="backend.tests.test_new_features_v20.TestDealWithLinkedEntities" name="test_create_deal_with_company" time="0.332" /><testcase classname="backend.tests.test_new_features_v20.TestContactManualCreation" name="test_create_contact_manual" time="0.535" /><testcase classname="backend.tests.test_new_features_v20.TestBulkEnrich" name="test_bulk_enrich_endpoint_exists" time="0.651" /><testcase classname="backend.tests.test_new_features_v20.TestGetLeadsContactsCompanies" name="test_get_leads" time="0.422" /><testcase classname="backend.tests.test_new_features_v20.TestGetLeadsContactsCompanies" name="test_get_contacts" time="0.110" /><testcase classname="backend.tests.test_new_features_v20.TestGetLeadsContactsCompanies" name="test_get_companies" time="0.100" /></testsuite></testsuites>